c:\users\cesar\documents\github\ajedrez.2\tmp\debug\vc142.pdb
c:\users\cesar\documents\github\ajedrez.2\tmp\debug\vc142.idb
c:\users\cesar\documents\github\ajedrez.2\tmp\debug\usuario.obj
c:\users\cesar\documents\github\ajedrez.2\tmp\debug\torre.obj
c:\users\cesar\documents\github\ajedrez.2\tmp\debug\tablero.obj
c:\users\cesar\documents\github\ajedrez.2\tmp\debug\rey.obj
c:\users\cesar\documents\github\ajedrez.2\tmp\debug\reina.obj
c:\users\cesar\documents\github\ajedrez.2\tmp\debug\pieza.obj
c:\users\cesar\documents\github\ajedrez.2\tmp\debug\peon.obj
c:\users\cesar\documents\github\ajedrez.2\tmp\debug\mundo.obj
c:\users\cesar\documents\github\ajedrez.2\tmp\debug\main.obj
c:\users\cesar\documents\github\ajedrez.2\tmp\debug\canciller.obj
c:\users\cesar\documents\github\ajedrez.2\tmp\debug\caballo.obj
c:\users\cesar\documents\github\ajedrez.2\tmp\debug\arzobispo.obj
c:\users\cesar\documents\github\ajedrez.2\tmp\debug\alfil.obj
c:\users\cesar\documents\github\ajedrez.2\bin\pang.exe
c:\users\cesar\documents\github\ajedrez.2\tmp\debug\pang.ilk
c:\users\cesar\documents\github\ajedrez.2\bin\pang.pdb
c:\users\cesar\documents\github\ajedrez.2\tmp\debug\pang.obj
c:\users\cesar\documents\github\ajedrez.2\tmp\debug\vc143.idb
c:\users\cesar\documents\github\ajedrez.2\tmp\debug\vc143.pdb
c:\users\cesar\documents\github\ajedrez.2\bin\pang.ilk
c:\users\cesar\documents\github\ajedrez.2\tmp\debug\pang.tlog\cl.command.1.tlog
c:\users\cesar\documents\github\ajedrez.2\tmp\debug\pang.tlog\cl.read.1.tlog
c:\users\cesar\documents\github\ajedrez.2\tmp\debug\pang.tlog\cl.write.1.tlog
c:\users\cesar\documents\github\ajedrez.2\tmp\debug\pang.tlog\link.command.1.tlog
c:\users\cesar\documents\github\ajedrez.2\tmp\debug\pang.tlog\link.delete.1.tlog
c:\users\cesar\documents\github\ajedrez.2\tmp\debug\pang.tlog\link.read.1.tlog
c:\users\cesar\documents\github\ajedrez.2\tmp\debug\pang.tlog\link.write.1.tlog
