  GestionJugadas.cpp
  Main.cpp
C:\Users\cesar\Documents\GitHub\Ajedrez.2\src\Main.cpp(63,20): warning C4244: '=': conversion from 'float' to 'int', possible loss of data
C:\Users\cesar\Documents\GitHub\Ajedrez.2\src\Main.cpp(66,2): warning C4551: function call missing argument list
C:\Users\cesar\Documents\GitHub\Ajedrez.2\src\Main.cpp(94,19): warning C4244: '=': conversion from 'float' to 'int', possible loss of data
C:\Users\cesar\Documents\GitHub\Ajedrez.2\src\Main.cpp(102,3): warning C4551: function call missing argument list
C:\Users\cesar\Documents\GitHub\Ajedrez.2\src\Main.cpp(111,22): warning C4244: '=': conversion from 'float' to 'int', possible loss of data
C:\Users\cesar\Documents\GitHub\Ajedrez.2\src\Main.cpp(127,28): warning C4244: 'argument': conversion from 'int' to 'float', possible loss of data
C:\Users\cesar\Documents\GitHub\Ajedrez.2\src\Main.cpp(127,21): warning C4244: 'argument': conversion from 'int' to 'float', possible loss of data
  Pintar.cpp
C:\Users\cesar\Documents\GitHub\Ajedrez.2\src\Pintar.cpp(32,50): warning C4244: 'argument': conversion from 'int' to 'GLfloat', possible loss of data
C:\Users\cesar\Documents\GitHub\Ajedrez.2\src\Pintar.cpp(32,32): warning C4244: 'argument': conversion from 'int' to 'GLfloat', possible loss of data
C:\Users\cesar\Documents\GitHub\Ajedrez.2\src\Pintar.cpp(33,50): warning C4244: 'argument': conversion from 'int' to 'GLfloat', possible loss of data
C:\Users\cesar\Documents\GitHub\Ajedrez.2\src\Pintar.cpp(33,32): warning C4244: 'argument': conversion from 'int' to 'GLfloat', possible loss of data
C:\Users\cesar\Documents\GitHub\Ajedrez.2\src\Pintar.cpp(34,56): warning C4244: 'argument': conversion from 'int' to 'GLfloat', possible loss of data
C:\Users\cesar\Documents\GitHub\Ajedrez.2\src\Pintar.cpp(34,32): warning C4244: 'argument': conversion from 'int' to 'GLfloat', possible loss of data
C:\Users\cesar\Documents\GitHub\Ajedrez.2\src\Pintar.cpp(35,56): warning C4244: 'argument': conversion from 'int' to 'GLfloat', possible loss of data
C:\Users\cesar\Documents\GitHub\Ajedrez.2\src\Pintar.cpp(35,32): warning C4244: 'argument': conversion from 'int' to 'GLfloat', possible loss of data
C:\Users\cesar\Documents\GitHub\Ajedrez.2\src\Pintar.cpp(74,45): warning C4244: 'argument': conversion from 'int' to 'float', possible loss of data
C:\Users\cesar\Documents\GitHub\Ajedrez.2\src\Pintar.cpp(74,38): warning C4244: 'argument': conversion from 'int' to 'float', possible loss of data
C:\Users\cesar\Documents\GitHub\Ajedrez.2\src\Pintar.cpp(78,45): warning C4244: 'argument': conversion from 'int' to 'float', possible loss of data
C:\Users\cesar\Documents\GitHub\Ajedrez.2\src\Pintar.cpp(78,38): warning C4244: 'argument': conversion from 'int' to 'float', possible loss of data
C:\Users\cesar\Documents\GitHub\Ajedrez.2\src\Pintar.cpp(82,46): warning C4244: 'argument': conversion from 'int' to 'float', possible loss of data
C:\Users\cesar\Documents\GitHub\Ajedrez.2\src\Pintar.cpp(82,39): warning C4244: 'argument': conversion from 'int' to 'float', possible loss of data
C:\Users\cesar\Documents\GitHub\Ajedrez.2\src\Pintar.cpp(86,46): warning C4244: 'argument': conversion from 'int' to 'float', possible loss of data
C:\Users\cesar\Documents\GitHub\Ajedrez.2\src\Pintar.cpp(86,39): warning C4244: 'argument': conversion from 'int' to 'float', possible loss of data
C:\Users\cesar\Documents\GitHub\Ajedrez.2\src\Pintar.cpp(90,48): warning C4244: 'argument': conversion from 'int' to 'float', possible loss of data
C:\Users\cesar\Documents\GitHub\Ajedrez.2\src\Pintar.cpp(90,41): warning C4244: 'argument': conversion from 'int' to 'float', possible loss of data
C:\Users\cesar\Documents\GitHub\Ajedrez.2\src\Pintar.cpp(94,48): warning C4244: 'argument': conversion from 'int' to 'float', possible loss of data
C:\Users\cesar\Documents\GitHub\Ajedrez.2\src\Pintar.cpp(94,41): warning C4244: 'argument': conversion from 'int' to 'float', possible loss of data
C:\Users\cesar\Documents\GitHub\Ajedrez.2\src\Pintar.cpp(98,46): warning C4244: 'argument': conversion from 'int' to 'float', possible loss of data
C:\Users\cesar\Documents\GitHub\Ajedrez.2\src\Pintar.cpp(98,39): warning C4244: 'argument': conversion from 'int' to 'float', possible loss of data
C:\Users\cesar\Documents\GitHub\Ajedrez.2\src\Pintar.cpp(102,46): warning C4244: 'argument': conversion from 'int' to 'float', possible loss of data
C:\Users\cesar\Documents\GitHub\Ajedrez.2\src\Pintar.cpp(102,39): warning C4244: 'argument': conversion from 'int' to 'float', possible loss of data
C:\Users\cesar\Documents\GitHub\Ajedrez.2\src\Pintar.cpp(106,46): warning C4244: 'argument': conversion from 'int' to 'float', possible loss of data
C:\Users\cesar\Documents\GitHub\Ajedrez.2\src\Pintar.cpp(106,39): warning C4244: 'argument': conversion from 'int' to 'float', possible loss of data
C:\Users\cesar\Documents\GitHub\Ajedrez.2\src\Pintar.cpp(110,46): warning C4244: 'argument': conversion from 'int' to 'float', possible loss of data
C:\Users\cesar\Documents\GitHub\Ajedrez.2\src\Pintar.cpp(110,39): warning C4244: 'argument': conversion from 'int' to 'float', possible loss of data
C:\Users\cesar\Documents\GitHub\Ajedrez.2\src\Pintar.cpp(114,44): warning C4244: 'argument': conversion from 'int' to 'float', possible loss of data
C:\Users\cesar\Documents\GitHub\Ajedrez.2\src\Pintar.cpp(114,37): warning C4244: 'argument': conversion from 'int' to 'float', possible loss of data
C:\Users\cesar\Documents\GitHub\Ajedrez.2\src\Pintar.cpp(118,44): warning C4244: 'argument': conversion from 'int' to 'float', possible loss of data
C:\Users\cesar\Documents\GitHub\Ajedrez.2\src\Pintar.cpp(118,37): warning C4244: 'argument': conversion from 'int' to 'float', possible loss of data
C:\Users\cesar\Documents\GitHub\Ajedrez.2\src\Pintar.cpp(122,50): warning C4244: 'argument': conversion from 'int' to 'float', possible loss of data
C:\Users\cesar\Documents\GitHub\Ajedrez.2\src\Pintar.cpp(122,43): warning C4244: 'argument': conversion from 'int' to 'float', possible loss of data
C:\Users\cesar\Documents\GitHub\Ajedrez.2\src\Pintar.cpp(126,50): warning C4244: 'argument': conversion from 'int' to 'float', possible loss of data
C:\Users\cesar\Documents\GitHub\Ajedrez.2\src\Pintar.cpp(126,43): warning C4244: 'argument': conversion from 'int' to 'float', possible loss of data
C:\Users\cesar\Documents\GitHub\Ajedrez.2\src\Pintar.cpp(130,50): warning C4244: 'argument': conversion from 'int' to 'float', possible loss of data
C:\Users\cesar\Documents\GitHub\Ajedrez.2\src\Pintar.cpp(130,43): warning C4244: 'argument': conversion from 'int' to 'float', possible loss of data
C:\Users\cesar\Documents\GitHub\Ajedrez.2\src\Pintar.cpp(134,50): warning C4244: 'argument': conversion from 'int' to 'float', possible loss of data
C:\Users\cesar\Documents\GitHub\Ajedrez.2\src\Pintar.cpp(134,43): warning C4244: 'argument': conversion from 'int' to 'float', possible loss of data
C:\Users\cesar\Documents\GitHub\Ajedrez.2\src\Pintar.cpp(144,54): warning C4305: 'argument': truncation from 'double' to 'float'
  Tablero.cpp
  Usuario.cpp
C:\Users\cesar\Documents\GitHub\Ajedrez.2\src\Usuario.cpp(405,52): warning C4305: 'argument': truncation from 'double' to 'float'
C:\Users\cesar\Documents\GitHub\Ajedrez.2\src\Usuario.cpp(414,33): warning C4244: 'argument': conversion from 'int' to 'float', possible loss of data
C:\Users\cesar\Documents\GitHub\Ajedrez.2\src\Usuario.cpp(414,23): warning C4244: 'argument': conversion from 'int' to 'float', possible loss of data
C:\Users\cesar\Documents\GitHub\Ajedrez.2\src\Usuario.cpp(450,33): warning C4244: 'argument': conversion from 'int' to 'float', possible loss of data
C:\Users\cesar\Documents\GitHub\Ajedrez.2\src\Usuario.cpp(450,23): warning C4244: 'argument': conversion from 'int' to 'float', possible loss of data
C:\Users\cesar\Documents\GitHub\Ajedrez.2\src\Usuario.cpp(460,52): warning C4305: 'argument': truncation from 'double' to 'float'
C:\Users\cesar\Documents\GitHub\Ajedrez.2\src\Usuario.cpp(469,33): warning C4244: 'argument': conversion from 'int' to 'float', possible loss of data
C:\Users\cesar\Documents\GitHub\Ajedrez.2\src\Usuario.cpp(469,23): warning C4244: 'argument': conversion from 'int' to 'float', possible loss of data
C:\Users\cesar\Documents\GitHub\Ajedrez.2\src\Usuario.cpp(483,53): warning C4305: 'argument': truncation from 'double' to 'float'
C:\Users\cesar\Documents\GitHub\Ajedrez.2\src\Usuario.cpp(495,34): warning C4244: 'argument': conversion from 'int' to 'float', possible loss of data
C:\Users\cesar\Documents\GitHub\Ajedrez.2\src\Usuario.cpp(495,24): warning C4244: 'argument': conversion from 'int' to 'float', possible loss of data
C:\Users\cesar\Documents\GitHub\Ajedrez.2\src\Usuario.cpp(503,53): warning C4305: 'argument': truncation from 'double' to 'float'
C:\Users\cesar\Documents\GitHub\Ajedrez.2\src\Usuario.cpp(519,34): warning C4244: 'argument': conversion from 'int' to 'float', possible loss of data
C:\Users\cesar\Documents\GitHub\Ajedrez.2\src\Usuario.cpp(519,24): warning C4244: 'argument': conversion from 'int' to 'float', possible loss of data
C:\Users\cesar\Documents\GitHub\Ajedrez.2\src\Usuario.cpp(528,53): warning C4305: 'argument': truncation from 'double' to 'float'
C:\Users\cesar\Documents\GitHub\Ajedrez.2\src\Usuario.cpp(543,34): warning C4244: 'argument': conversion from 'int' to 'float', possible loss of data
C:\Users\cesar\Documents\GitHub\Ajedrez.2\src\Usuario.cpp(543,24): warning C4244: 'argument': conversion from 'int' to 'float', possible loss of data
C:\Users\cesar\Documents\GitHub\Ajedrez.2\src\Usuario.cpp(552,53): warning C4305: 'argument': truncation from 'double' to 'float'
C:\Users\cesar\Documents\GitHub\Ajedrez.2\src\Usuario.cpp(565,34): warning C4244: 'argument': conversion from 'int' to 'float', possible loss of data
C:\Users\cesar\Documents\GitHub\Ajedrez.2\src\Usuario.cpp(565,24): warning C4244: 'argument': conversion from 'int' to 'float', possible loss of data
C:\Users\cesar\Documents\GitHub\Ajedrez.2\src\Usuario.cpp(575,53): warning C4305: 'argument': truncation from 'double' to 'float'
C:\Users\cesar\Documents\GitHub\Ajedrez.2\src\Usuario.cpp(586,34): warning C4244: 'argument': conversion from 'int' to 'float', possible loss of data
C:\Users\cesar\Documents\GitHub\Ajedrez.2\src\Usuario.cpp(586,24): warning C4244: 'argument': conversion from 'int' to 'float', possible loss of data
C:\Users\cesar\Documents\GitHub\Ajedrez.2\src\Usuario.cpp(595,53): warning C4305: 'argument': truncation from 'double' to 'float'
C:\Users\cesar\Documents\GitHub\Ajedrez.2\src\Usuario.cpp(607,34): warning C4244: 'argument': conversion from 'int' to 'float', possible loss of data
C:\Users\cesar\Documents\GitHub\Ajedrez.2\src\Usuario.cpp(607,24): warning C4244: 'argument': conversion from 'int' to 'float', possible loss of data
C:\Users\cesar\Documents\GitHub\Ajedrez.2\src\Usuario.cpp(617,53): warning C4305: 'argument': truncation from 'double' to 'float'
C:\Users\cesar\Documents\GitHub\Ajedrez.2\src\Usuario.cpp(628,34): warning C4244: 'argument': conversion from 'int' to 'float', possible loss of data
C:\Users\cesar\Documents\GitHub\Ajedrez.2\src\Usuario.cpp(628,24): warning C4244: 'argument': conversion from 'int' to 'float', possible loss of data
C:\Users\cesar\Documents\GitHub\Ajedrez.2\src\Usuario.cpp(636,53): warning C4305: 'argument': truncation from 'double' to 'float'
C:\Users\cesar\Documents\GitHub\Ajedrez.2\src\Usuario.cpp(648,34): warning C4244: 'argument': conversion from 'int' to 'float', possible loss of data
C:\Users\cesar\Documents\GitHub\Ajedrez.2\src\Usuario.cpp(648,24): warning C4244: 'argument': conversion from 'int' to 'float', possible loss of data
C:\Users\cesar\Documents\GitHub\Ajedrez.2\src\Usuario.cpp(662,52): warning C4305: 'argument': truncation from 'double' to 'float'
C:\Users\cesar\Documents\GitHub\Ajedrez.2\src\Usuario.cpp(671,33): warning C4244: 'argument': conversion from 'int' to 'float', possible loss of data
C:\Users\cesar\Documents\GitHub\Ajedrez.2\src\Usuario.cpp(671,23): warning C4244: 'argument': conversion from 'int' to 'float', possible loss of data
C:\Users\cesar\Documents\GitHub\Ajedrez.2\src\Usuario.cpp(682,53): warning C4305: 'argument': truncation from 'double' to 'float'
C:\Users\cesar\Documents\GitHub\Ajedrez.2\src\Usuario.cpp(692,34): warning C4244: 'argument': conversion from 'int' to 'float', possible loss of data
C:\Users\cesar\Documents\GitHub\Ajedrez.2\src\Usuario.cpp(692,24): warning C4244: 'argument': conversion from 'int' to 'float', possible loss of data
C:\Users\cesar\Documents\GitHub\Ajedrez.2\src\Usuario.cpp(701,53): warning C4305: 'argument': truncation from 'double' to 'float'
C:\Users\cesar\Documents\GitHub\Ajedrez.2\src\Usuario.cpp(717,34): warning C4244: 'argument': conversion from 'int' to 'float', possible loss of data
C:\Users\cesar\Documents\GitHub\Ajedrez.2\src\Usuario.cpp(717,24): warning C4244: 'argument': conversion from 'int' to 'float', possible loss of data
C:\Users\cesar\Documents\GitHub\Ajedrez.2\src\Usuario.cpp(726,53): warning C4305: 'argument': truncation from 'double' to 'float'
C:\Users\cesar\Documents\GitHub\Ajedrez.2\src\Usuario.cpp(739,34): warning C4244: 'argument': conversion from 'int' to 'float', possible loss of data
C:\Users\cesar\Documents\GitHub\Ajedrez.2\src\Usuario.cpp(739,24): warning C4244: 'argument': conversion from 'int' to 'float', possible loss of data
C:\Users\cesar\Documents\GitHub\Ajedrez.2\src\Usuario.cpp(749,53): warning C4305: 'argument': truncation from 'double' to 'float'
C:\Users\cesar\Documents\GitHub\Ajedrez.2\src\Usuario.cpp(760,34): warning C4244: 'argument': conversion from 'int' to 'float', possible loss of data
C:\Users\cesar\Documents\GitHub\Ajedrez.2\src\Usuario.cpp(760,24): warning C4244: 'argument': conversion from 'int' to 'float', possible loss of data
C:\Users\cesar\Documents\GitHub\Ajedrez.2\src\Usuario.cpp(769,53): warning C4305: 'argument': truncation from 'double' to 'float'
C:\Users\cesar\Documents\GitHub\Ajedrez.2\src\Usuario.cpp(784,34): warning C4244: 'argument': conversion from 'int' to 'float', possible loss of data
C:\Users\cesar\Documents\GitHub\Ajedrez.2\src\Usuario.cpp(784,24): warning C4244: 'argument': conversion from 'int' to 'float', possible loss of data
C:\Users\cesar\Documents\GitHub\Ajedrez.2\src\Usuario.cpp(792,53): warning C4305: 'argument': truncation from 'double' to 'float'
C:\Users\cesar\Documents\GitHub\Ajedrez.2\src\Usuario.cpp(807,34): warning C4244: 'argument': conversion from 'int' to 'float', possible loss of data
C:\Users\cesar\Documents\GitHub\Ajedrez.2\src\Usuario.cpp(807,24): warning C4244: 'argument': conversion from 'int' to 'float', possible loss of data
  Generating Code...
  Pang.vcxproj -> C:\Users\cesar\Documents\GitHub\Ajedrez.2\bin\Pang.exe
